<?xml version="1.0" encoding="UTF-8"?>
<!-- Generated by org.testng.reporters.JUnitReportReporter -->
<testsuite name="catchPayment.Catch" tests="1" time="66.945" ignored="0" failures="0" timestamp="07 Jul 2017 02:21:02 GMT" skipped="0" hostname="PC12154" errors="0">
  <testcase name="testUntitled" time="66.945" classname="catchPayment.Catch"/>
</testsuite> <!-- catchPayment.Catch -->
